<?xml version="1.0" encoding="UTF-8"?>
<!-- Generated by org.testng.reporters.JUnitReportReporter -->
<testsuite hostname="DESKTOP-OC4E0GC" failures="0" tests="8" name="com.runners.RunnerClass" time="102.242" errors="0" timestamp="2022-08-06T12:54:59 IST" skipped="0">
  <testcase classname="com.runners.RunnerClass" name="runScenario" time="4.334"/>
  <system-out/>
  <testcase classname="com.runners.RunnerClass" name="runScenario" time="5.567"/>
  <system-out/>
  <testcase classname="com.runners.RunnerClass" name="runScenario" time="28.079"/>
  <system-out/>
  <testcase classname="com.runners.RunnerClass" name="runScenario" time="16.387"/>
  <system-out/>
  <testcase classname="com.runners.RunnerClass" name="runScenario" time="6.070"/>
  <system-out/>
  <testcase classname="com.runners.RunnerClass" name="runScenario" time="4.648"/>
  <system-out/>
  <testcase classname="com.runners.RunnerClass" name="runScenario" time="31.048"/>
  <system-out/>
  <testcase classname="com.runners.RunnerClass" name="runScenario" time="6.109"/>
  <system-out/>
</testsuite> <!-- com.runners.RunnerClass -->
